This file contains any messages produced by compilers while
running configure, to aid debugging if configure makes a mistake.

It was created by radix-tree configure 0.1.0, which was
generated by GNU Autoconf 2.71.  Invocation command line was

  $ ../configure --no-create --no-recursion

## --------- ##
## Platform. ##
## --------- ##

hostname = VENGEANCE
uname -m = x86_64
uname -r = 5.15.167.4-microsoft-standard-WSL2
uname -s = Linux
uname -v = #1 SMP Tue Nov 5 00:21:55 UTC 2024

/usr/bin/uname -p = x86_64
/bin/uname -X     = unknown

/bin/arch              = x86_64
/usr/bin/arch -k       = unknown
/usr/convex/getsysinfo = unknown
/usr/bin/hostinfo      = unknown
/bin/machine           = unknown
/usr/bin/oslevel       = unknown
/bin/universe          = unknown

PATH: /usr/local/sbin/
PATH: /usr/local/bin/
PATH: /usr/sbin/
PATH: /usr/bin/
PATH: /sbin/
PATH: /bin/
PATH: /usr/games/
PATH: /usr/local/games/
PATH: /usr/lib/wsl/lib/
PATH: /mnt/c/Program Files/PlasticSCM5/server/
PATH: /mnt/c/Program Files/PlasticSCM5/client/
PATH: /mnt/c/Program Files/Eclipse Adoptium/jdk-21.0.1.12-hotspot/bin/
PATH: /mnt/c/Program Files/NVIDIA GPU Computing Toolkit/CUDA/v12.1/bin/
PATH: /mnt/c/Program Files/NVIDIA GPU Computing Toolkit/CUDA/v12.1/libnvvp/
PATH: /mnt/c/VulkanSDK/1.3.239.0/Bin/
PATH: /mnt/c/Program Files (x86)/Common Files/Oracle/Java/javapath/
PATH: /mnt/c/Program Files/Oculus/Support/oculus-runtime/
PATH: /mnt/c/Windows/system32/
PATH: /mnt/c/Windows/
PATH: /mnt/c/Windows/System32/Wbem/
PATH: /mnt/c/Windows/System32/WindowsPowerShell/v1.0/
PATH: /mnt/c/Windows/System32/OpenSSH/
PATH: /mnt/c/Program Files (x86)/NVIDIA Corporation/PhysX/Common/
PATH: /mnt/c/WINDOWS/system32/
PATH: /mnt/c/WINDOWS/
PATH: /mnt/c/WINDOWS/System32/Wbem/
PATH: /mnt/c/WINDOWS/System32/WindowsPowerShell/v1.0/
PATH: /mnt/c/WINDOWS/System32/OpenSSH/
PATH: /mnt/c/Program Files/NVIDIA Corporation/Nsight Compute 2023.1.1/
PATH: /mnt/c/Program Files/dotnet/
PATH: /mnt/c/Program Files/NVIDIA GPU Computing Toolkit/CUDA/v12.1/extras/CUPTI/lib64/
PATH: /mnt/c/Program Files/NVIDIA Corporation/NVIDIA NvDLISR/
PATH: /mnt/c/Program Files/NVIDIA GPU Computing Toolkit/CUDA/v12.1/extras/CUPTI/lib64/
PATH: /mnt/c/Users/jacob/AppData/Local/Microsoft/WindowsApps/
PATH: /mnt/c/Users/jacob/.dotnet/tools/
PATH: /snap/bin/


## ----------- ##
## Core tests. ##
## ----------- ##

configure:2176: looking for aux files: compile missing install-sh
configure:2189:  trying ../
configure:2218:   ../compile found
configure:2218:   ../missing found
configure:2200:   ../install-sh found
configure:2351: checking for a BSD-compatible install
configure:2424: result: /usr/bin/install -c
configure:2435: checking whether build environment is sane
configure:2490: result: yes
configure:2649: checking for a race-free mkdir -p
configure:2693: result: /usr/bin/mkdir -p
configure:2700: checking for gawk
configure:2721: found /usr/bin/gawk
configure:2732: result: gawk
configure:2743: checking whether make sets $(MAKE)
configure:2766: result: yes
configure:2796: checking whether make supports nested variables
configure:2814: result: yes
configure:3040: checking for gcc
configure:3061: found /usr/bin/gcc
configure:3072: result: gcc
configure:3425: checking for C compiler version
configure:3434: gcc --version >&5
gcc (Ubuntu 11.4.0-1ubuntu1~22.04) 11.4.0
Copyright (C) 2021 Free Software Foundation, Inc.
This is free software; see the source for copying conditions.  There is NO
warranty; not even for MERCHANTABILITY or FITNESS FOR A PARTICULAR PURPOSE.

configure:3445: $? = 0
configure:3434: gcc -v >&5
Using built-in specs.
COLLECT_GCC=gcc
COLLECT_LTO_WRAPPER=/usr/lib/gcc/x86_64-linux-gnu/11/lto-wrapper
OFFLOAD_TARGET_NAMES=nvptx-none:amdgcn-amdhsa
OFFLOAD_TARGET_DEFAULT=1
Target: x86_64-linux-gnu
Configured with: ../src/configure -v --with-pkgversion='Ubuntu 11.4.0-1ubuntu1~22.04' --with-bugurl=file:///usr/share/doc/gcc-11/README.Bugs --enable-languages=c,ada,c++,go,brig,d,fortran,objc,obj-c++,m2 --prefix=/usr --with-gcc-major-version-only --program-suffix=-11 --program-prefix=x86_64-linux-gnu- --enable-shared --enable-linker-build-id --libexecdir=/usr/lib --without-included-gettext --enable-threads=posix --libdir=/usr/lib --enable-nls --enable-bootstrap --enable-clocale=gnu --enable-libstdcxx-debug --enable-libstdcxx-time=yes --with-default-libstdcxx-abi=new --enable-gnu-unique-object --disable-vtable-verify --enable-plugin --enable-default-pie --with-system-zlib --enable-libphobos-checking=release --with-target-system-zlib=auto --enable-objc-gc=auto --enable-multiarch --disable-werror --enable-cet --with-arch-32=i686 --with-abi=m64 --with-multilib-list=m32,m64,mx32 --enable-multilib --with-tune=generic --enable-offload-targets=nvptx-none=/build/gcc-11-XeT9lY/gcc-11-11.4.0/debian/tmp-nvptx/usr,amdgcn-amdhsa=/build/gcc-11-XeT9lY/gcc-11-11.4.0/debian/tmp-gcn/usr --without-cuda-driver --enable-checking=release --build=x86_64-linux-gnu --host=x86_64-linux-gnu --target=x86_64-linux-gnu --with-build-config=bootstrap-lto-lean --enable-link-serialization=2
Thread model: posix
Supported LTO compression algorithms: zlib zstd
gcc version 11.4.0 (Ubuntu 11.4.0-1ubuntu1~22.04) 
... rest of stderr output deleted ...
configure:3445: $? = 0
configure:3434: gcc -V >&5
gcc: error: unrecognized command-line option '-V'
gcc: fatal error: no input files
compilation terminated.
configure:3445: $? = 1
configure:3434: gcc -qversion >&5
gcc: error: unrecognized command-line option '-qversion'; did you mean '--version'?
gcc: fatal error: no input files
compilation terminated.
configure:3445: $? = 1
configure:3434: gcc -version >&5
gcc: error: unrecognized command-line option '-version'
gcc: fatal error: no input files
compilation terminated.
configure:3445: $? = 1
configure:3465: checking whether the C compiler works
configure:3487: gcc    conftest.c  >&5
configure:3491: $? = 0
configure:3541: result: yes
configure:3544: checking for C compiler default output file name
configure:3546: result: a.out
configure:3552: checking for suffix of executables
configure:3559: gcc -o conftest    conftest.c  >&5
configure:3563: $? = 0
configure:3586: result: 
configure:3608: checking whether we are cross compiling
configure:3616: gcc -o conftest    conftest.c  >&5
configure:3620: $? = 0
configure:3627: ./conftest
configure:3631: $? = 0
configure:3646: result: no
configure:3651: checking for suffix of object files
configure:3674: gcc -c   conftest.c >&5
configure:3678: $? = 0
configure:3700: result: o
configure:3704: checking whether the compiler supports GNU C
configure:3724: gcc -c   conftest.c >&5
configure:3724: $? = 0
configure:3734: result: yes
configure:3745: checking whether gcc accepts -g
configure:3766: gcc -c -g  conftest.c >&5
configure:3766: $? = 0
configure:3810: result: yes
configure:3830: checking for gcc option to enable C11 features
configure:3845: gcc  -c -g -O2  conftest.c >&5
configure:3845: $? = 0
configure:3863: result: none needed
configure:3979: checking whether gcc understands -c and -o together
configure:4002: gcc -c conftest.c -o conftest2.o
configure:4005: $? = 0
configure:4002: gcc -c conftest.c -o conftest2.o
configure:4005: $? = 0
configure:4017: result: yes
configure:4037: checking whether make supports the include directive
configure:4052: make -f confmf.GNU && cat confinc.out
make[1]: Entering directory '/home/ed3brute/poptrie_project/modified_radix_tree/build'
make[1]: Leaving directory '/home/ed3brute/poptrie_project/modified_radix_tree/build'
this is the am__doit target
configure:4055: $? = 0
configure:4074: result: yes (GNU style)
configure:4100: checking dependency style of gcc
configure:4212: result: gcc3
configure:4238: checking for stdio.h
configure:4238: gcc -c -g -O2  conftest.c >&5
configure:4238: $? = 0
configure:4238: result: yes
configure:4238: checking for stdlib.h
configure:4238: gcc -c -g -O2  conftest.c >&5
configure:4238: $? = 0
configure:4238: result: yes
configure:4238: checking for string.h
configure:4238: gcc -c -g -O2  conftest.c >&5
configure:4238: $? = 0
configure:4238: result: yes
configure:4238: checking for inttypes.h
configure:4238: gcc -c -g -O2  conftest.c >&5
configure:4238: $? = 0
configure:4238: result: yes
configure:4238: checking for stdint.h
configure:4238: gcc -c -g -O2  conftest.c >&5
configure:4238: $? = 0
configure:4238: result: yes
configure:4238: checking for strings.h
configure:4238: gcc -c -g -O2  conftest.c >&5
configure:4238: $? = 0
configure:4238: result: yes
configure:4238: checking for sys/stat.h
configure:4238: gcc -c -g -O2  conftest.c >&5
configure:4238: $? = 0
configure:4238: result: yes
configure:4238: checking for sys/types.h
configure:4238: gcc -c -g -O2  conftest.c >&5
configure:4238: $? = 0
configure:4238: result: yes
configure:4238: checking for unistd.h
configure:4238: gcc -c -g -O2  conftest.c >&5
configure:4238: $? = 0
configure:4238: result: yes
configure:4263: checking for stdlib.h
configure:4263: result: yes
configure:4272: checking for an ANSI C-conforming const
configure:4339: gcc -c -g -O2  conftest.c >&5
configure:4339: $? = 0
configure:4347: result: yes
configure:4462: checking that generated files are newer than configure
configure:4468: result: done
configure:4495: creating ./config.status

## ---------------- ##
## Cache variables. ##
## ---------------- ##

ac_cv_c_compiler_gnu=yes
ac_cv_c_const=yes
ac_cv_env_CC_set=
ac_cv_env_CC_value=
ac_cv_env_CFLAGS_set=
ac_cv_env_CFLAGS_value=
ac_cv_env_CPPFLAGS_set=
ac_cv_env_CPPFLAGS_value=
ac_cv_env_LDFLAGS_set=
ac_cv_env_LDFLAGS_value=
ac_cv_env_LIBS_set=
ac_cv_env_LIBS_value=
ac_cv_env_build_alias_set=
ac_cv_env_build_alias_value=
ac_cv_env_host_alias_set=
ac_cv_env_host_alias_value=
ac_cv_env_target_alias_set=
ac_cv_env_target_alias_value=
ac_cv_header_inttypes_h=yes
ac_cv_header_stdint_h=yes
ac_cv_header_stdio_h=yes
ac_cv_header_stdlib_h=yes
ac_cv_header_string_h=yes
ac_cv_header_strings_h=yes
ac_cv_header_sys_stat_h=yes
ac_cv_header_sys_types_h=yes
ac_cv_header_unistd_h=yes
ac_cv_objext=o
ac_cv_path_install='/usr/bin/install -c'
ac_cv_path_mkdir=/usr/bin/mkdir
ac_cv_prog_AWK=gawk
ac_cv_prog_ac_ct_CC=gcc
ac_cv_prog_cc_c11=
ac_cv_prog_cc_g=yes
ac_cv_prog_cc_stdc=
ac_cv_prog_make_make_set=yes
am_cv_CC_dependencies_compiler_type=gcc3
am_cv_make_support_nested_variables=yes
am_cv_prog_cc_c_o=yes

## ----------------- ##
## Output variables. ##
## ----------------- ##

ACLOCAL='${SHELL} '\''/home/ed3brute/poptrie_project/modified_radix_tree/missing'\'' aclocal-1.16'
AMDEPBACKSLASH='\'
AMDEP_FALSE='#'
AMDEP_TRUE=''
AMTAR='$${TAR-tar}'
AM_BACKSLASH='\'
AM_DEFAULT_V='$(AM_DEFAULT_VERBOSITY)'
AM_DEFAULT_VERBOSITY='1'
AM_V='$(V)'
AUTOCONF='${SHELL} '\''/home/ed3brute/poptrie_project/modified_radix_tree/missing'\'' autoconf'
AUTOHEADER='${SHELL} '\''/home/ed3brute/poptrie_project/modified_radix_tree/missing'\'' autoheader'
AUTOMAKE='${SHELL} '\''/home/ed3brute/poptrie_project/modified_radix_tree/missing'\'' automake-1.16'
AWK='gawk'
CC='gcc'
CCDEPMODE='depmode=gcc3'
CFLAGS='-g -O2'
CPPFLAGS=''
CSCOPE='cscope'
CTAGS='ctags'
CYGPATH_W='echo'
DEBUG_FALSE=''
DEBUG_TRUE='#'
DEFS='-DHAVE_CONFIG_H'
DEPDIR='.deps'
ECHO_C=''
ECHO_N='-n'
ECHO_T=''
ETAGS='etags'
EXEEXT=''
INSTALL_DATA='${INSTALL} -m 644'
INSTALL_PROGRAM='${INSTALL}'
INSTALL_SCRIPT='${INSTALL}'
INSTALL_STRIP_PROGRAM='$(install_sh) -c -s'
LDFLAGS=''
LIBOBJS=''
LIBS=''
LTLIBOBJS=''
MAKEINFO='${SHELL} '\''/home/ed3brute/poptrie_project/modified_radix_tree/missing'\'' makeinfo'
MKDIR_P='/usr/bin/mkdir -p'
OBJEXT='o'
PACKAGE='radix-tree'
PACKAGE_BUGREPORT='asai@jar.jp'
PACKAGE_NAME='radix-tree'
PACKAGE_STRING='radix-tree 0.1.0'
PACKAGE_TARNAME='radix-tree'
PACKAGE_URL=''
PACKAGE_VERSION='0.1.0'
PATH_SEPARATOR=':'
SET_MAKE=''
SHELL='/bin/bash'
STRIP=''
SUBDIRS=''
VERSION='0.1.0'
ac_ct_CC='gcc'
am__EXEEXT_FALSE=''
am__EXEEXT_TRUE='#'
am__fastdepCC_FALSE='#'
am__fastdepCC_TRUE=''
am__include='include'
am__isrc=' -I$(srcdir)'
am__leading_dot='.'
am__nodep='_no'
am__quote=''
am__tar='$${TAR-tar} chof - "$$tardir"'
am__untar='$${TAR-tar} xf -'
bindir='${exec_prefix}/bin'
build_alias=''
datadir='${datarootdir}'
datarootdir='${prefix}/share'
docdir='${datarootdir}/doc/${PACKAGE_TARNAME}'
dvidir='${docdir}'
exec_prefix='${prefix}'
host_alias=''
htmldir='${docdir}'
includedir='${prefix}/include'
infodir='${datarootdir}/info'
install_sh='${SHELL} /home/ed3brute/poptrie_project/modified_radix_tree/install-sh'
libdir='${exec_prefix}/lib'
libexecdir='${exec_prefix}/libexec'
localedir='${datarootdir}/locale'
localstatedir='${prefix}/var'
mandir='${datarootdir}/man'
mkdir_p='$(MKDIR_P)'
oldincludedir='/usr/include'
pdfdir='${docdir}'
prefix='/usr/local'
program_transform_name='s,x,x,'
psdir='${docdir}'
runstatedir='${localstatedir}/run'
sbindir='${exec_prefix}/sbin'
sharedstatedir='${prefix}/com'
sysconfdir='${prefix}/etc'
target_alias=''

## ----------- ##
## confdefs.h. ##
## ----------- ##

/* confdefs.h */
#define PACKAGE_NAME "radix-tree"
#define PACKAGE_TARNAME "radix-tree"
#define PACKAGE_VERSION "0.1.0"
#define PACKAGE_STRING "radix-tree 0.1.0"
#define PACKAGE_BUGREPORT "asai@jar.jp"
#define PACKAGE_URL ""
#define PACKAGE "radix-tree"
#define VERSION "0.1.0"
#define HAVE_STDIO_H 1
#define HAVE_STDLIB_H 1
#define HAVE_STRING_H 1
#define HAVE_INTTYPES_H 1
#define HAVE_STDINT_H 1
#define HAVE_STRINGS_H 1
#define HAVE_SYS_STAT_H 1
#define HAVE_SYS_TYPES_H 1
#define HAVE_UNISTD_H 1
#define STDC_HEADERS 1
#define HAVE_STDLIB_H 1

configure: exit 0

## ---------------------- ##
## Running config.status. ##
## ---------------------- ##

This file was extended by radix-tree config.status 0.1.0, which was
generated by GNU Autoconf 2.71.  Invocation command line was

  CONFIG_FILES    = 
  CONFIG_HEADERS  = 
  CONFIG_LINKS    = 
  CONFIG_COMMANDS = 
  $ ./config.status 

on VENGEANCE

config.status:850: creating Makefile
config.status:850: creating config.h
config.status:1016: config.h is unchanged
config.status:1064: executing depfiles commands
config.status:1141: cd .       && sed -e '/# am--include-marker/d' Makefile         | make -f - am--depfiles
make[1]: Entering directory '/home/ed3brute/poptrie_project/modified_radix_tree/build'
make[1]: Nothing to be done for 'am--depfiles'.
make[1]: Leaving directory '/home/ed3brute/poptrie_project/modified_radix_tree/build'
config.status:1146: $? = 0

## ---------------------- ##
## Running config.status. ##
## ---------------------- ##

This file was extended by radix-tree config.status 0.1.0, which was
generated by GNU Autoconf 2.71.  Invocation command line was

  CONFIG_FILES    = 
  CONFIG_HEADERS  = 
  CONFIG_LINKS    = 
  CONFIG_COMMANDS = 
  $ ./config.status config.h

on VENGEANCE

config.status:850: creating config.h
